  [1m[35m (1.9ms)[0m  [1m[35mSET NAMES utf8,  @@SESSION.sql_mode = CONCAT(CONCAT(@@sql_mode, ',STRICT_ALL_TABLES'), ',NO_AUTO_VALUE_ON_ZERO'),  @@SESSION.sql_auto_is_null = 0, @@SESSION.wait_timeout = 2147483[0m
  ↳ bin/rails:9
  [1m[35m (48.7ms)[0m  [1m[35mCREATE DATABASE `weverMysql` DEFAULT CHARACTER SET `utf8`[0m
  ↳ bin/rails:9
  [1m[35m (1.1ms)[0m  [1m[35mSET NAMES utf8,  @@SESSION.sql_mode = CONCAT(CONCAT(@@sql_mode, ',STRICT_ALL_TABLES'), ',NO_AUTO_VALUE_ON_ZERO'),  @@SESSION.sql_auto_is_null = 0, @@SESSION.wait_timeout = 2147483[0m
  ↳ bin/rails:9
  [1m[35m (97.6ms)[0m  [1m[35mCREATE TABLE `schema_migrations` (`version` varchar(255) NOT NULL PRIMARY KEY)[0m
  ↳ bin/rails:9
  [1m[35m (95.9ms)[0m  [1m[35mCREATE TABLE `ar_internal_metadata` (`key` varchar(255) NOT NULL PRIMARY KEY, `value` varchar(255), `created_at` datetime NOT NULL, `updated_at` datetime NOT NULL)[0m
  ↳ bin/rails:9
  [1m[35m (0.3ms)[0m  [1m[34mSELECT GET_LOCK('4632049562355875520', 0)[0m
  ↳ bin/rails:9
  [1m[35m (13.8ms)[0m  [1m[34mSELECT `schema_migrations`.`version` FROM `schema_migrations` ORDER BY `schema_migrations`.`version` ASC[0m
  ↳ bin/rails:9
Migrating to DeviseCreateUsers (20220308233426)
  [1m[35m (110.5ms)[0m  [1m[35mCREATE TABLE `users` (`id` bigint NOT NULL AUTO_INCREMENT PRIMARY KEY, `email` varchar(255) DEFAULT '' NOT NULL, `encrypted_password` varchar(255) DEFAULT '' NOT NULL, `reset_password_token` varchar(255), `reset_password_sent_at` datetime, `remember_created_at` datetime, `confirmation_token` varchar(255), `first_name` varchar(255), `last_name` varchar(255), `confirmed_at` datetime, `confirmation_sent_at` datetime, `unconfirmed_email` varchar(255), `failed_attempts` int DEFAULT 0 NOT NULL, `unlock_token` varchar(255), `locked_at` datetime, `created_at` datetime NOT NULL, `updated_at` datetime NOT NULL)[0m
  ↳ db/migrate/20220308233426_devise_create_users.rb:5
  [1m[35m (76.6ms)[0m  [1m[35mCREATE UNIQUE INDEX `index_users_on_email`  ON `users` (`email`) [0m
  ↳ db/migrate/20220308233426_devise_create_users.rb:41
  [1m[35m (77.1ms)[0m  [1m[35mCREATE UNIQUE INDEX `index_users_on_reset_password_token`  ON `users` (`reset_password_token`) [0m
  ↳ db/migrate/20220308233426_devise_create_users.rb:42
  [1m[35m (46.8ms)[0m  [1m[35mCREATE UNIQUE INDEX `index_users_on_confirmation_token`  ON `users` (`confirmation_token`) [0m
  ↳ db/migrate/20220308233426_devise_create_users.rb:43
  [1m[35m (124.0ms)[0m  [1m[35mCREATE UNIQUE INDEX `index_users_on_unlock_token`  ON `users` (`unlock_token`) [0m
  ↳ db/migrate/20220308233426_devise_create_users.rb:44
  [1m[35m (0.4ms)[0m  [1m[35mBEGIN[0m
  ↳ bin/rails:9
  [1m[36mActiveRecord::SchemaMigration Create (1.2ms)[0m  [1m[32mINSERT INTO `schema_migrations` (`version`) VALUES ('20220308233426')[0m
  ↳ bin/rails:9
  [1m[35m (44.4ms)[0m  [1m[35mCOMMIT[0m
  ↳ bin/rails:9
Migrating to CreateEmployees (20220309220713)
  [1m[35m (220.5ms)[0m  [1m[35mCREATE TABLE `employees` (`id` bigint NOT NULL AUTO_INCREMENT PRIMARY KEY, `user_id` bigint, `created_at` datetime NOT NULL, `updated_at` datetime NOT NULL,  INDEX `index_employees_on_user_id`  (`user_id`), CONSTRAINT `fk_rails_dcfd3d4fc3`
FOREIGN KEY (`user_id`)
  REFERENCES `users` (`id`)
)[0m
  ↳ db/migrate/20220309220713_create_employees.rb:3
  [1m[35m (0.4ms)[0m  [1m[35mBEGIN[0m
  ↳ bin/rails:9
  [1m[36mActiveRecord::SchemaMigration Create (0.5ms)[0m  [1m[32mINSERT INTO `schema_migrations` (`version`) VALUES ('20220309220713')[0m
  ↳ bin/rails:9
  [1m[35m (22.9ms)[0m  [1m[35mCOMMIT[0m
  ↳ bin/rails:9
Migrating to AddLastNameToEmployees (20220309220819)
  [1m[35m (128.4ms)[0m  [1m[35mALTER TABLE `employees` ADD `last_name` varchar(255)[0m
  ↳ db/migrate/20220309220819_add_last_name_to_employees.rb:3
  [1m[35m (0.8ms)[0m  [1m[35mBEGIN[0m
  ↳ bin/rails:9
  [1m[36mActiveRecord::SchemaMigration Create (2.7ms)[0m  [1m[32mINSERT INTO `schema_migrations` (`version`) VALUES ('20220309220819')[0m
  ↳ bin/rails:9
  [1m[35m (41.5ms)[0m  [1m[35mCOMMIT[0m
  ↳ bin/rails:9
Migrating to AddFirstNameToEmployees (20220309220830)
  [1m[35m (74.5ms)[0m  [1m[35mALTER TABLE `employees` ADD `first_name` varchar(255)[0m
  ↳ db/migrate/20220309220830_add_first_name_to_employees.rb:3
  [1m[35m (0.7ms)[0m  [1m[35mBEGIN[0m
  ↳ bin/rails:9
  [1m[36mActiveRecord::SchemaMigration Create (0.8ms)[0m  [1m[32mINSERT INTO `schema_migrations` (`version`) VALUES ('20220309220830')[0m
  ↳ bin/rails:9
  [1m[35m (11.3ms)[0m  [1m[35mCOMMIT[0m
  ↳ bin/rails:9
Migrating to AddEmailToEmployees (20220309220842)
  [1m[35m (79.2ms)[0m  [1m[35mALTER TABLE `employees` ADD `email` varchar(255)[0m
  ↳ db/migrate/20220309220842_add_email_to_employees.rb:3
  [1m[35m (0.5ms)[0m  [1m[35mBEGIN[0m
  ↳ bin/rails:9
  [1m[36mActiveRecord::SchemaMigration Create (1.2ms)[0m  [1m[32mINSERT INTO `schema_migrations` (`version`) VALUES ('20220309220842')[0m
  ↳ bin/rails:9
  [1m[35m (18.6ms)[0m  [1m[35mCOMMIT[0m
  ↳ bin/rails:9
Migrating to AddTitleToEmployees (20220309234445)
  [1m[35m (87.4ms)[0m  [1m[35mALTER TABLE `employees` ADD `title` varchar(255)[0m
  ↳ db/migrate/20220309234445_add_title_to_employees.rb:3
  [1m[35m (0.4ms)[0m  [1m[35mBEGIN[0m
  ↳ bin/rails:9
  [1m[36mActiveRecord::SchemaMigration Create (0.9ms)[0m  [1m[32mINSERT INTO `schema_migrations` (`version`) VALUES ('20220309234445')[0m
  ↳ bin/rails:9
  [1m[35m (206.5ms)[0m  [1m[35mCOMMIT[0m
  ↳ bin/rails:9
Migrating to CreateAddresses (20220314195723)
  [1m[35m (89.6ms)[0m  [1m[35mCREATE TABLE `addresses` (`id` bigint NOT NULL AUTO_INCREMENT PRIMARY KEY, `type_of_address` varchar(255), `status` varchar(255), `entity` varchar(255), `number_and_street` varchar(255), `suite_appartment` varchar(255), `city` varchar(255), `postal_code` varchar(255), `country` varchar(255), `notes` varchar(255), `latitude` decimal, `longitude` decimal, `created_at` datetime NOT NULL, `updated_at` datetime NOT NULL)[0m
  ↳ db/migrate/20220314195723_create_addresses.rb:3
  [1m[35m (0.4ms)[0m  [1m[35mBEGIN[0m
  ↳ bin/rails:9
  [1m[36mActiveRecord::SchemaMigration Create (0.9ms)[0m  [1m[32mINSERT INTO `schema_migrations` (`version`) VALUES ('20220314195723')[0m
  ↳ bin/rails:9
  [1m[35m (10.0ms)[0m  [1m[35mCOMMIT[0m
  ↳ bin/rails:9
Migrating to CreateCustomers (20220314213403)
  [1m[35m (133.5ms)[0m  [1m[35mCREATE TABLE `customers` (`id` bigint NOT NULL AUTO_INCREMENT PRIMARY KEY, `customer_creation_date` datetime, `company_name` varchar(255), `full_name_company_contact` varchar(255), `company_contact_phone` varchar(255), `email_company` varchar(255), `company_description` varchar(255), `full_name_service_technical_authority` varchar(255), `technical_authority_phone` varchar(255), `technical_authority_email` varchar(255), `created_at` datetime NOT NULL, `updated_at` datetime NOT NULL)[0m
  ↳ db/migrate/20220314213403_create_customers.rb:3
  [1m[35m (0.6ms)[0m  [1m[35mBEGIN[0m
  ↳ bin/rails:9
  [1m[36mActiveRecord::SchemaMigration Create (1.7ms)[0m  [1m[32mINSERT INTO `schema_migrations` (`version`) VALUES ('20220314213403')[0m
  ↳ bin/rails:9
  [1m[35m (35.6ms)[0m  [1m[35mCOMMIT[0m
  ↳ bin/rails:9
Migrating to CreateBuildings (20220314214559)
  [1m[35m (86.8ms)[0m  [1m[35mCREATE TABLE `buildings` (`id` bigint NOT NULL AUTO_INCREMENT PRIMARY KEY, `building_address` varchar(255), `full_name_building_admin` varchar(255), `email_building_admin` varchar(255), `phone_building_admin` varchar(255), `full_name_technical_contact` varchar(255), `email_technical_contact` varchar(255), `phone_technical_contact` varchar(255), `created_at` datetime NOT NULL, `updated_at` datetime NOT NULL)[0m
  ↳ db/migrate/20220314214559_create_buildings.rb:3
  [1m[35m (0.4ms)[0m  [1m[35mBEGIN[0m
  ↳ bin/rails:9
  [1m[36mActiveRecord::SchemaMigration Create (0.8ms)[0m  [1m[32mINSERT INTO `schema_migrations` (`version`) VALUES ('20220314214559')[0m
  ↳ bin/rails:9
  [1m[35m (12.9ms)[0m  [1m[35mCOMMIT[0m
  ↳ bin/rails:9
Migrating to CreateBuildingDetails (20220314222216)
  [1m[35m (85.8ms)[0m  [1m[35mCREATE TABLE `building_details` (`id` bigint NOT NULL AUTO_INCREMENT PRIMARY KEY, `information_key` varchar(255), `value` varchar(255), `created_at` datetime NOT NULL, `updated_at` datetime NOT NULL)[0m
  ↳ db/migrate/20220314222216_create_building_details.rb:3
  [1m[35m (0.4ms)[0m  [1m[35mBEGIN[0m
  ↳ bin/rails:9
  [1m[36mActiveRecord::SchemaMigration Create (0.7ms)[0m  [1m[32mINSERT INTO `schema_migrations` (`version`) VALUES ('20220314222216')[0m
  ↳ bin/rails:9
  [1m[35m (12.6ms)[0m  [1m[35mCOMMIT[0m
  ↳ bin/rails:9
Migrating to CreateBatteries (20220314222430)
  [1m[35m (105.0ms)[0m  [1m[35mCREATE TABLE `batteries` (`id` bigint NOT NULL AUTO_INCREMENT PRIMARY KEY, `types` varchar(255), `status` varchar(255), `date_of_commissioning` datetime, `date_of_last_inspection` datetime, `certificate_of_operations` varchar(255), `information` varchar(255), `notes` varchar(255), `created_at` datetime NOT NULL, `updated_at` datetime NOT NULL)[0m
  ↳ db/migrate/20220314222430_create_batteries.rb:3
  [1m[35m (0.4ms)[0m  [1m[35mBEGIN[0m
  ↳ bin/rails:9
  [1m[36mActiveRecord::SchemaMigration Create (0.9ms)[0m  [1m[32mINSERT INTO `schema_migrations` (`version`) VALUES ('20220314222430')[0m
  ↳ bin/rails:9
  [1m[35m (10.3ms)[0m  [1m[35mCOMMIT[0m
  ↳ bin/rails:9
Migrating to CreateColumns (20220315114340)
  [1m[35m (117.8ms)[0m  [1m[35mCREATE TABLE `columns` (`id` bigint NOT NULL AUTO_INCREMENT PRIMARY KEY, `types` varchar(255), `number_of_floors_served` int, `status` varchar(255), `information` varchar(255), `notes` varchar(255), `created_at` datetime NOT NULL, `updated_at` datetime NOT NULL)[0m
  ↳ db/migrate/20220315114340_create_columns.rb:3
  [1m[35m (0.5ms)[0m  [1m[35mBEGIN[0m
  ↳ bin/rails:9
  [1m[36mActiveRecord::SchemaMigration Create (0.4ms)[0m  [1m[32mINSERT INTO `schema_migrations` (`version`) VALUES ('20220315114340')[0m
  ↳ bin/rails:9
  [1m[35m (11.3ms)[0m  [1m[35mCOMMIT[0m
  ↳ bin/rails:9
Migrating to CreateElevators (20220315125536)
  [1m[35m (197.5ms)[0m  [1m[35mCREATE TABLE `elevators` (`id` bigint NOT NULL AUTO_INCREMENT PRIMARY KEY, `serial_number` varchar(255), `model` varchar(255), `types` varchar(255), `status` varchar(255), `date_of_commissioning` datetime, `date_of_last_inspection` datetime, `certificate_of_inspection` varchar(255), `information` varchar(255), `notes` varchar(255), `created_at` datetime NOT NULL, `updated_at` datetime NOT NULL)[0m
  ↳ db/migrate/20220315125536_create_elevators.rb:3
  [1m[35m (0.5ms)[0m  [1m[35mBEGIN[0m
  ↳ bin/rails:9
  [1m[36mActiveRecord::SchemaMigration Create (0.8ms)[0m  [1m[32mINSERT INTO `schema_migrations` (`version`) VALUES ('20220315125536')[0m
  ↳ bin/rails:9
  [1m[35m (45.3ms)[0m  [1m[35mCOMMIT[0m
  ↳ bin/rails:9
Migrating to CreateLeads (20220315150822)
  [1m[35m (179.9ms)[0m  [1m[35mCREATE TABLE `leads` (`id` bigint NOT NULL AUTO_INCREMENT PRIMARY KEY, `fullname` varchar(255), `companyname` varchar(255), `email` varchar(255), `phone` varchar(255), `projectname` varchar(255), `projectdescription` varchar(255), `departmentincharge` varchar(255), `message` varchar(255), `question` varchar(255), `created_at` datetime NOT NULL, `updated_at` datetime NOT NULL)[0m
  ↳ db/migrate/20220315150822_create_leads.rb:3
  [1m[35m (0.8ms)[0m  [1m[35mBEGIN[0m
  ↳ bin/rails:9
  [1m[36mActiveRecord::SchemaMigration Create (0.8ms)[0m  [1m[32mINSERT INTO `schema_migrations` (`version`) VALUES ('20220315150822')[0m
  ↳ bin/rails:9
  [1m[35m (40.8ms)[0m  [1m[35mCOMMIT[0m
  ↳ bin/rails:9
Migrating to AddReferences (20220315162030)
  [1m[35m (84.9ms)[0m  [1m[35mALTER TABLE `buildings` ADD `customer_id` bigint[0m
  ↳ db/migrate/20220315162030_add_references.rb:3
  [1m[35m (99.8ms)[0m  [1m[35mCREATE  INDEX `index_buildings_on_customer_id`  ON `buildings` (`customer_id`) [0m
  ↳ db/migrate/20220315162030_add_references.rb:3
  [1m[35m (180.7ms)[0m  [1m[35mALTER TABLE `buildings` ADD CONSTRAINT `fk_rails_c29cbe7fb8`
FOREIGN KEY (`customer_id`)
  REFERENCES `customers` (`id`)
[0m
  ↳ db/migrate/20220315162030_add_references.rb:3
  [1m[35m (89.1ms)[0m  [1m[35mALTER TABLE `buildings` ADD `address_id` bigint[0m
  ↳ db/migrate/20220315162030_add_references.rb:4
  [1m[35m (55.0ms)[0m  [1m[35mCREATE  INDEX `index_buildings_on_address_id`  ON `buildings` (`address_id`) [0m
  ↳ db/migrate/20220315162030_add_references.rb:4
  [1m[35m (237.8ms)[0m  [1m[35mALTER TABLE `buildings` ADD CONSTRAINT `fk_rails_6dc7a885ab`
FOREIGN KEY (`address_id`)
  REFERENCES `addresses` (`id`)
[0m
  ↳ db/migrate/20220315162030_add_references.rb:4
  [1m[35m (70.0ms)[0m  [1m[35mALTER TABLE `building_details` ADD `building_id` bigint[0m
  ↳ db/migrate/20220315162030_add_references.rb:5
  [1m[35m (99.0ms)[0m  [1m[35mCREATE  INDEX `index_building_details_on_building_id`  ON `building_details` (`building_id`) [0m
  ↳ db/migrate/20220315162030_add_references.rb:5
  [1m[35m (208.9ms)[0m  [1m[35mALTER TABLE `building_details` ADD CONSTRAINT `fk_rails_51749f8eac`
FOREIGN KEY (`building_id`)
  REFERENCES `buildings` (`id`)
[0m
  ↳ db/migrate/20220315162030_add_references.rb:5
  [1m[35m (104.3ms)[0m  [1m[35mALTER TABLE `batteries` ADD `building_id` bigint[0m
  ↳ db/migrate/20220315162030_add_references.rb:6
  [1m[35m (127.5ms)[0m  [1m[35mCREATE  INDEX `index_batteries_on_building_id`  ON `batteries` (`building_id`) [0m
  ↳ db/migrate/20220315162030_add_references.rb:6
  [1m[35m (321.2ms)[0m  [1m[35mALTER TABLE `batteries` ADD CONSTRAINT `fk_rails_fc40470545`
FOREIGN KEY (`building_id`)
  REFERENCES `buildings` (`id`)
[0m
  ↳ db/migrate/20220315162030_add_references.rb:6
  [1m[35m (88.7ms)[0m  [1m[35mALTER TABLE `batteries` ADD `employee_id` bigint[0m
  ↳ db/migrate/20220315162030_add_references.rb:7
  [1m[35m (58.2ms)[0m  [1m[35mCREATE  INDEX `index_batteries_on_employee_id`  ON `batteries` (`employee_id`) [0m
  ↳ db/migrate/20220315162030_add_references.rb:7
  [1m[35m (75.0ms)[0m  [1m[35mALTER TABLE `columns` ADD `battery_id` bigint[0m
  ↳ db/migrate/20220315162030_add_references.rb:8
  [1m[35m (85.2ms)[0m  [1m[35mCREATE  INDEX `index_columns_on_battery_id`  ON `columns` (`battery_id`) [0m
  ↳ db/migrate/20220315162030_add_references.rb:8
  [1m[35m (203.0ms)[0m  [1m[35mALTER TABLE `columns` ADD CONSTRAINT `fk_rails_021eb14ac4`
FOREIGN KEY (`battery_id`)
  REFERENCES `batteries` (`id`)
[0m
  ↳ db/migrate/20220315162030_add_references.rb:8
  [1m[35m (90.3ms)[0m  [1m[35mALTER TABLE `elevators` ADD `column_id` bigint[0m
  ↳ db/migrate/20220315162030_add_references.rb:9
  [1m[35m (70.9ms)[0m  [1m[35mCREATE  INDEX `index_elevators_on_column_id`  ON `elevators` (`column_id`) [0m
  ↳ db/migrate/20220315162030_add_references.rb:9
  [1m[35m (253.8ms)[0m  [1m[35mALTER TABLE `elevators` ADD CONSTRAINT `fk_rails_69442d7bc2`
FOREIGN KEY (`column_id`)
  REFERENCES `columns` (`id`)
[0m
  ↳ db/migrate/20220315162030_add_references.rb:9
  [1m[35m (133.3ms)[0m  [1m[35mALTER TABLE `customers` ADD `user_id` bigint[0m
  ↳ db/migrate/20220315162030_add_references.rb:10
  [1m[35m (79.5ms)[0m  [1m[35mCREATE  INDEX `index_customers_on_user_id`  ON `customers` (`user_id`) [0m
  ↳ db/migrate/20220315162030_add_references.rb:10
  [1m[35m (308.5ms)[0m  [1m[35mALTER TABLE `customers` ADD CONSTRAINT `fk_rails_9917eeaf5d`
FOREIGN KEY (`user_id`)
  REFERENCES `users` (`id`)
[0m
  ↳ db/migrate/20220315162030_add_references.rb:10
  [1m[35m (359.4ms)[0m  [1m[35mALTER TABLE `customers` ADD `address_id` bigint[0m
  ↳ db/migrate/20220315162030_add_references.rb:11
  [1m[35m (89.8ms)[0m  [1m[35mCREATE  INDEX `index_customers_on_address_id`  ON `customers` (`address_id`) [0m
  ↳ db/migrate/20220315162030_add_references.rb:11
  [1m[35m (250.1ms)[0m  [1m[35mALTER TABLE `customers` ADD CONSTRAINT `fk_rails_3f9404ba26`
FOREIGN KEY (`address_id`)
  REFERENCES `addresses` (`id`)
[0m
  ↳ db/migrate/20220315162030_add_references.rb:11
  [1m[35m (63.7ms)[0m  [1m[35mALTER TABLE `leads` ADD `customer_id` bigint[0m
  ↳ db/migrate/20220315162030_add_references.rb:12
  [1m[35m (74.5ms)[0m  [1m[35mCREATE  INDEX `index_leads_on_customer_id`  ON `leads` (`customer_id`) [0m
  ↳ db/migrate/20220315162030_add_references.rb:12
  [1m[35m (199.6ms)[0m  [1m[35mALTER TABLE `leads` ADD CONSTRAINT `fk_rails_da25e077a0`
FOREIGN KEY (`customer_id`)
  REFERENCES `customers` (`id`)
[0m
  ↳ db/migrate/20220315162030_add_references.rb:12
  [1m[35m (0.4ms)[0m  [1m[35mBEGIN[0m
  ↳ bin/rails:9
  [1m[36mActiveRecord::SchemaMigration Create (2.7ms)[0m  [1m[32mINSERT INTO `schema_migrations` (`version`) VALUES ('20220315162030')[0m
  ↳ bin/rails:9
  [1m[35m (17.0ms)[0m  [1m[35mCOMMIT[0m
  ↳ bin/rails:9
Migrating to CreateActiveStorageTables (20220315172300)
  [1m[35m (111.7ms)[0m  [1m[35mCREATE TABLE `active_storage_blobs` (`id` bigint NOT NULL AUTO_INCREMENT PRIMARY KEY, `key` varchar(255) NOT NULL, `filename` varchar(255) NOT NULL, `content_type` varchar(255), `metadata` text, `byte_size` bigint NOT NULL, `checksum` varchar(255) NOT NULL, `created_at` datetime NOT NULL, UNIQUE INDEX `index_active_storage_blobs_on_key`  (`key`))[0m
  ↳ db/migrate/20220315172300_create_active_storage_tables.active_storage.rb:4
  [1m[35m (147.2ms)[0m  [1m[35mCREATE TABLE `active_storage_attachments` (`id` bigint NOT NULL AUTO_INCREMENT PRIMARY KEY, `name` varchar(255) NOT NULL, `record_type` varchar(255) NOT NULL, `record_id` bigint NOT NULL, `blob_id` bigint NOT NULL, `created_at` datetime NOT NULL,  INDEX `index_active_storage_attachments_on_blob_id`  (`blob_id`), UNIQUE INDEX `index_active_storage_attachments_uniqueness`  (`record_type`, `record_id`, `name`, `blob_id`), CONSTRAINT `fk_rails_c3b3935057`
FOREIGN KEY (`blob_id`)
  REFERENCES `active_storage_blobs` (`id`)
)[0m
  ↳ db/migrate/20220315172300_create_active_storage_tables.active_storage.rb:16
  [1m[35m (0.5ms)[0m  [1m[35mBEGIN[0m
  ↳ bin/rails:9
  [1m[36mActiveRecord::SchemaMigration Create (0.9ms)[0m  [1m[32mINSERT INTO `schema_migrations` (`version`) VALUES ('20220315172300')[0m
  ↳ bin/rails:9
  [1m[35m (22.0ms)[0m  [1m[35mCOMMIT[0m
  ↳ bin/rails:9
Migrating to RemoveQuoteFromAddRef (20220319040908)
  [1m[35m (0.8ms)[0m  [1m[35mBEGIN[0m
  ↳ bin/rails:9
  [1m[36mActiveRecord::SchemaMigration Create (0.6ms)[0m  [1m[32mINSERT INTO `schema_migrations` (`version`) VALUES ('20220319040908')[0m
  ↳ bin/rails:9
  [1m[35m (10.9ms)[0m  [1m[35mCOMMIT[0m
  ↳ bin/rails:9
Migrating to CreateQuotes (20220319041155)
  [1m[35m (92.6ms)[0m  [1m[35mCREATE TABLE `quotes` (`id` bigint NOT NULL AUTO_INCREMENT PRIMARY KEY, `buildingtype` varchar(255), `numofapt` int, `numoffloors` int, `numofbase` int, `numofpark` int, `numofcomp` int, `numofelev` int, `maxocc` int, `bushrs` int, `corp` int, `liftCage` varchar(255), `elevatorNum` int, `unitPrice` varchar(255), `totalPriceElevators` varchar(255), `installFees` varchar(255), `totalPrice` varchar(255), `created_at` datetime NOT NULL, `updated_at` datetime NOT NULL)[0m
  ↳ db/migrate/20220319041155_create_quotes.rb:3
  [1m[35m (0.7ms)[0m  [1m[35mBEGIN[0m
  ↳ bin/rails:9
  [1m[36mActiveRecord::SchemaMigration Create (1.0ms)[0m  [1m[32mINSERT INTO `schema_migrations` (`version`) VALUES ('20220319041155')[0m
  ↳ bin/rails:9
  [1m[35m (13.5ms)[0m  [1m[35mCOMMIT[0m
  ↳ bin/rails:9
Migrating to AddEmailAndCompanyNameToQuote (20220319041404)
  [1m[35m (95.5ms)[0m  [1m[35mALTER TABLE `quotes` ADD `email` varchar(255)[0m
  ↳ db/migrate/20220319041404_add_email_and_company_name_to_quote.rb:3
  [1m[35m (182.5ms)[0m  [1m[35mALTER TABLE `quotes` ADD `companyname` varchar(255)[0m
  ↳ db/migrate/20220319041404_add_email_and_company_name_to_quote.rb:4
  [1m[35m (0.3ms)[0m  [1m[35mBEGIN[0m
  ↳ bin/rails:9
  [1m[36mActiveRecord::SchemaMigration Create (0.9ms)[0m  [1m[32mINSERT INTO `schema_migrations` (`version`) VALUES ('20220319041404')[0m
  ↳ bin/rails:9
  [1m[35m (22.6ms)[0m  [1m[35mCOMMIT[0m
  ↳ bin/rails:9
Migrating to AddTitleToUser (20220320200121)
  [1m[35m (98.4ms)[0m  [1m[35mALTER TABLE `users` ADD `title` varchar(255)[0m
  ↳ db/migrate/20220320200121_add_title_to_user.rb:3
  [1m[35m (0.6ms)[0m  [1m[35mBEGIN[0m
  ↳ bin/rails:9
  [1m[36mActiveRecord::SchemaMigration Create (0.8ms)[0m  [1m[32mINSERT INTO `schema_migrations` (`version`) VALUES ('20220320200121')[0m
  ↳ bin/rails:9
  [1m[35m (13.2ms)[0m  [1m[35mCOMMIT[0m
  ↳ bin/rails:9
  [1m[36mActiveRecord::InternalMetadata Load (2.1ms)[0m  [1m[34mSELECT  `ar_internal_metadata`.* FROM `ar_internal_metadata` WHERE `ar_internal_metadata`.`key` = 'environment' LIMIT 1[0m
  ↳ bin/rails:9
  [1m[35m (0.3ms)[0m  [1m[35mBEGIN[0m
  ↳ bin/rails:9
  [1m[36mActiveRecord::InternalMetadata Create (0.5ms)[0m  [1m[32mINSERT INTO `ar_internal_metadata` (`key`, `value`, `created_at`, `updated_at`) VALUES ('environment', 'development', '2022-03-26 01:24:58', '2022-03-26 01:24:58')[0m
  ↳ bin/rails:9
  [1m[35m (30.8ms)[0m  [1m[35mCOMMIT[0m
  ↳ bin/rails:9
  [1m[35m (0.4ms)[0m  [1m[34mSELECT RELEASE_LOCK('4632049562355875520')[0m
  ↳ bin/rails:9
  [1m[35m (0.8ms)[0m  [1m[34mSELECT `schema_migrations`.`version` FROM `schema_migrations` ORDER BY `schema_migrations`.`version` ASC[0m
  ↳ bin/rails:9
  [1m[35m (0.9ms)[0m  [1m[35mSET NAMES utf8,  @@SESSION.sql_mode = CONCAT(CONCAT(@@sql_mode, ',STRICT_ALL_TABLES'), ',NO_AUTO_VALUE_ON_ZERO'),  @@SESSION.sql_auto_is_null = 0, @@SESSION.wait_timeout = 2147483[0m
  ↳ bin/rails:9
  [1m[35m (0.8ms)[0m  [1m[34mSELECT `schema_migrations`.`version` FROM `schema_migrations` ORDER BY `schema_migrations`.`version` ASC[0m
  ↳ bin/rails:9
  [1m[35m (0.9ms)[0m  [1m[34mSELECT @@FOREIGN_KEY_CHECKS[0m
  ↳ lib/tasks/dbtransfer.rake:171
  [1m[35m (0.4ms)[0m  [1m[35mSET FOREIGN_KEY_CHECKS = 0[0m
  ↳ lib/tasks/dbtransfer.rake:171
  [1m[35m (4.1ms)[0m  [1m[34mselect table_name from information_schema.views where table_schema = 'weverMysql'[0m
  ↳ lib/tasks/dbtransfer.rake:171
  [1m[35m (158.2ms)[0m  [1m[35mTRUNCATE TABLE `active_storage_attachments`[0m
  ↳ lib/tasks/dbtransfer.rake:171
  [1m[35m (178.1ms)[0m  [1m[35mTRUNCATE TABLE `active_storage_blobs`[0m
  ↳ lib/tasks/dbtransfer.rake:171
  [1m[35m (247.8ms)[0m  [1m[35mTRUNCATE TABLE `addresses`[0m
  ↳ lib/tasks/dbtransfer.rake:171
  [1m[35m (303.1ms)[0m  [1m[35mTRUNCATE TABLE `batteries`[0m
  ↳ lib/tasks/dbtransfer.rake:171
  [1m[35m (127.1ms)[0m  [1m[35mTRUNCATE TABLE `building_details`[0m
  ↳ lib/tasks/dbtransfer.rake:171
  [1m[35m (146.1ms)[0m  [1m[35mTRUNCATE TABLE `buildings`[0m
  ↳ lib/tasks/dbtransfer.rake:171
  [1m[35m (126.2ms)[0m  [1m[35mTRUNCATE TABLE `columns`[0m
  ↳ lib/tasks/dbtransfer.rake:171
  [1m[35m (179.3ms)[0m  [1m[35mTRUNCATE TABLE `customers`[0m
  ↳ lib/tasks/dbtransfer.rake:171
  [1m[35m (120.6ms)[0m  [1m[35mTRUNCATE TABLE `elevators`[0m
  ↳ lib/tasks/dbtransfer.rake:171
  [1m[35m (140.6ms)[0m  [1m[35mTRUNCATE TABLE `employees`[0m
  ↳ lib/tasks/dbtransfer.rake:171
  [1m[35m (162.9ms)[0m  [1m[35mTRUNCATE TABLE `leads`[0m
  ↳ lib/tasks/dbtransfer.rake:171
  [1m[35m (147.2ms)[0m  [1m[35mTRUNCATE TABLE `quotes`[0m
  ↳ lib/tasks/dbtransfer.rake:171
  [1m[35m (193.9ms)[0m  [1m[35mTRUNCATE TABLE `users`[0m
  ↳ lib/tasks/dbtransfer.rake:171
  [1m[35m (0.5ms)[0m  [1m[35mSET FOREIGN_KEY_CHECKS = 1[0m
  ↳ lib/tasks/dbtransfer.rake:171
  [1m[35m (0.5ms)[0m  [1m[35mBEGIN[0m
  ↳ db/seeds.rb:8
  [1m[36mUser Exists (1.5ms)[0m  [1m[34mSELECT  1 AS one FROM `users` WHERE `users`.`email` = BINARY 'mathieu.houde@codeboxx.biz' LIMIT 1[0m
  ↳ db/seeds.rb:8
  [1m[36mUser Create (0.6ms)[0m  [1m[32mINSERT INTO `users` (`email`, `encrypted_password`, `first_name`, `last_name`, `created_at`, `updated_at`, `title`) VALUES ('mathieu.houde@codeboxx.biz', '$2a$12$7RhusILCcZFgg7C90ux/mOnhi5WRLsVJ4HZbV6xwzWxW2p882zvqK', 'Mathieu', 'Houde', '2022-03-26 01:25:08', '2022-03-26 01:25:08', 'Captain')[0m
  ↳ db/seeds.rb:8
  [1m[35m (19.2ms)[0m  [1m[35mCOMMIT[0m
  ↳ db/seeds.rb:8
  [1m[35m (0.4ms)[0m  [1m[35mBEGIN[0m
  ↳ db/seeds.rb:15
  [1m[36mEmployee Create (1.2ms)[0m  [1m[32mINSERT INTO `employees` (`user_id`, `created_at`, `updated_at`, `last_name`, `first_name`, `email`, `title`) VALUES (1, '2022-03-26 01:25:08', '2022-03-26 01:25:08', 'Houde', 'Mathieu', 'mathieu.houde@codeboxx.biz', 'Captain')[0m
  ↳ db/seeds.rb:15
  [1m[35m (19.3ms)[0m  [1m[35mCOMMIT[0m
  ↳ db/seeds.rb:15
  [1m[35m (0.3ms)[0m  [1m[35mBEGIN[0m
  ↳ db/seeds.rb:8
  [1m[36mUser Exists (0.4ms)[0m  [1m[34mSELECT  1 AS one FROM `users` WHERE `users`.`email` = BINARY 'patrick.thibault@codeboxx.biz' LIMIT 1[0m
  ↳ db/seeds.rb:8
  [1m[36mUser Create (0.4ms)[0m  [1m[32mINSERT INTO `users` (`email`, `encrypted_password`, `first_name`, `last_name`, `created_at`, `updated_at`, `title`) VALUES ('patrick.thibault@codeboxx.biz', '$2a$12$t2NnFtwrYp6rft/7ncbzRu/gIL.W8Yuo65SvDwxWYY7u0GVJAW9Ha', 'Patrick', 'Thibault', '2022-03-26 01:25:08', '2022-03-26 01:25:08', 'Engineer')[0m
  ↳ db/seeds.rb:8
  [1m[35m (21.3ms)[0m  [1m[35mCOMMIT[0m
  ↳ db/seeds.rb:8
  [1m[35m (0.3ms)[0m  [1m[35mBEGIN[0m
  ↳ db/seeds.rb:15
  [1m[36mEmployee Create (1.6ms)[0m  [1m[32mINSERT INTO `employees` (`user_id`, `created_at`, `updated_at`, `last_name`, `first_name`, `email`, `title`) VALUES (2, '2022-03-26 01:25:08', '2022-03-26 01:25:08', 'Thibault', 'Patrick', 'patrick.thibault@codeboxx.biz', 'Engineer')[0m
  ↳ db/seeds.rb:15
  [1m[35m (12.9ms)[0m  [1m[35mCOMMIT[0m
  ↳ db/seeds.rb:15
  [1m[35m (0.5ms)[0m  [1m[35mBEGIN[0m
  ↳ db/seeds.rb:8
  [1m[36mUser Exists (0.4ms)[0m  [1m[34mSELECT  1 AS one FROM `users` WHERE `users`.`email` = BINARY 'francis.patry-jessop@codeboxx.biz' LIMIT 1[0m
  ↳ db/seeds.rb:8
  [1m[36mUser Create (0.7ms)[0m  [1m[32mINSERT INTO `users` (`email`, `encrypted_password`, `first_name`, `last_name`, `created_at`, `updated_at`, `title`) VALUES ('francis.patry-jessop@codeboxx.biz', '$2a$12$Wq6KA9mo939zujJd.ssrsOEmfOFqmBJ6/W/lrsS9x4dbzN0Ry.w2C', 'Francis', 'Patry-Jessop', '2022-03-26 01:25:08', '2022-03-26 01:25:08', 'Engineer')[0m
  ↳ db/seeds.rb:8
  [1m[35m (18.9ms)[0m  [1m[35mCOMMIT[0m
  ↳ db/seeds.rb:8
  [1m[35m (0.4ms)[0m  [1m[35mBEGIN[0m
  ↳ db/seeds.rb:15
  [1m[36mEmployee Create (0.7ms)[0m  [1m[32mINSERT INTO `employees` (`user_id`, `created_at`, `updated_at`, `last_name`, `first_name`, `email`, `title`) VALUES (3, '2022-03-26 01:25:08', '2022-03-26 01:25:08', 'Patry-Jessop', 'Francis', 'francis.patry-jessop@codeboxx.biz', 'Engineer')[0m
  ↳ db/seeds.rb:15
  [1m[35m (18.2ms)[0m  [1m[35mCOMMIT[0m
  ↳ db/seeds.rb:15
  [1m[35m (0.3ms)[0m  [1m[35mBEGIN[0m
  ↳ db/seeds.rb:8
  [1m[36mUser Exists (0.5ms)[0m  [1m[34mSELECT  1 AS one FROM `users` WHERE `users`.`email` = BINARY 'abdul.akeeb@codebozz.biz' LIMIT 1[0m
  ↳ db/seeds.rb:8
  [1m[36mUser Create (0.4ms)[0m  [1m[32mINSERT INTO `users` (`email`, `encrypted_password`, `first_name`, `last_name`, `created_at`, `updated_at`, `title`) VALUES ('abdul.akeeb@codebozz.biz', '$2a$12$iZ7m6P0QKKOpaR1R9wctiOAFAEywsYuqntbQwzT.dIuD95sA0FeRC', 'Abdul', 'Akeeb', '2022-03-26 01:25:09', '2022-03-26 01:25:09', 'Engineer')[0m
  ↳ db/seeds.rb:8
  [1m[35m (11.7ms)[0m  [1m[35mCOMMIT[0m
  ↳ db/seeds.rb:8
  [1m[35m (0.2ms)[0m  [1m[35mBEGIN[0m
  ↳ db/seeds.rb:15
  [1m[36mEmployee Create (0.5ms)[0m  [1m[32mINSERT INTO `employees` (`user_id`, `created_at`, `updated_at`, `last_name`, `first_name`, `email`, `title`) VALUES (4, '2022-03-26 01:25:09', '2022-03-26 01:25:09', 'Akeeb', 'Abdul', 'abdul.akeeb@codebozz.biz', 'Engineer')[0m
  ↳ db/seeds.rb:15
  [1m[35m (12.7ms)[0m  [1m[35mCOMMIT[0m
  ↳ db/seeds.rb:15
  [1m[35m (0.3ms)[0m  [1m[35mBEGIN[0m
  ↳ db/seeds.rb:8
  [1m[36mUser Exists (0.4ms)[0m  [1m[34mSELECT  1 AS one FROM `users` WHERE `users`.`email` = BINARY 'david.amyot@codeboxx.biz' LIMIT 1[0m
  ↳ db/seeds.rb:8
  [1m[36mUser Create (0.5ms)[0m  [1m[32mINSERT INTO `users` (`email`, `encrypted_password`, `first_name`, `last_name`, `created_at`, `updated_at`, `title`) VALUES ('david.amyot@codeboxx.biz', '$2a$12$2axJkgENEFAoLw4vCnbWReweoxFUZ.KqMJ7k4unT5vK08csVd3g9a', 'David', 'Amyot', '2022-03-26 01:25:09', '2022-03-26 01:25:09', 'Engineer')[0m
  ↳ db/seeds.rb:8
  [1m[35m (27.7ms)[0m  [1m[35mCOMMIT[0m
  ↳ db/seeds.rb:8
  [1m[35m (0.3ms)[0m  [1m[35mBEGIN[0m
  ↳ db/seeds.rb:15
  [1m[36mEmployee Create (1.2ms)[0m  [1m[32mINSERT INTO `employees` (`user_id`, `created_at`, `updated_at`, `last_name`, `first_name`, `email`, `title`) VALUES (5, '2022-03-26 01:25:09', '2022-03-26 01:25:09', 'Amyot', 'David', 'david.amyot@codeboxx.biz', 'Engineer')[0m
  ↳ db/seeds.rb:15
  [1m[35m (10.6ms)[0m  [1m[35mCOMMIT[0m
  ↳ db/seeds.rb:15
  [1m[35m (0.3ms)[0m  [1m[35mBEGIN[0m
  ↳ db/seeds.rb:8
  [1m[36mUser Exists (0.5ms)[0m  [1m[34mSELECT  1 AS one FROM `users` WHERE `users`.`email` = BINARY 'thomas.carrier@codeboxx.biz' LIMIT 1[0m
  ↳ db/seeds.rb:8
  [1m[36mUser Create (2.2ms)[0m  [1m[32mINSERT INTO `users` (`email`, `encrypted_password`, `first_name`, `last_name`, `created_at`, `updated_at`, `title`) VALUES ('thomas.carrier@codeboxx.biz', '$2a$12$YavI5liLCfbNa8WODZ.xiOqMHK35mfAo42MnPliUSY/j/ZD5WTslu', 'Thomas', 'Carrier', '2022-03-26 01:25:09', '2022-03-26 01:25:09', 'Developer')[0m
  ↳ db/seeds.rb:8
  [1m[35m (16.3ms)[0m  [1m[35mCOMMIT[0m
  ↳ db/seeds.rb:8
  [1m[35m (1.9ms)[0m  [1m[35mBEGIN[0m
  ↳ db/seeds.rb:15
  [1m[36mEmployee Create (0.6ms)[0m  [1m[32mINSERT INTO `employees` (`user_id`, `created_at`, `updated_at`, `last_name`, `first_name`, `email`, `title`) VALUES (6, '2022-03-26 01:25:09', '2022-03-26 01:25:09', 'Carrier', 'Thomas', 'thomas.carrier@codeboxx.biz', 'Developer')[0m
  ↳ db/seeds.rb:15
  [1m[35m (12.8ms)[0m  [1m[35mCOMMIT[0m
  ↳ db/seeds.rb:15
  [1m[35m (0.7ms)[0m  [1m[35mBEGIN[0m
  ↳ db/seeds.rb:8
  [1m[36mUser Exists (0.6ms)[0m  [1m[34mSELECT  1 AS one FROM `users` WHERE `users`.`email` = BINARY 'timothy.wever@codeboxx.biz' LIMIT 1[0m
  ↳ db/seeds.rb:8
  [1m[36mUser Create (0.8ms)[0m  [1m[32mINSERT INTO `users` (`email`, `encrypted_password`, `first_name`, `last_name`, `created_at`, `updated_at`, `title`) VALUES ('timothy.wever@codeboxx.biz', '$2a$12$qNUx2C3AUQIT.sgAVa0RF.nbVYUjFLXpjfJvHZunm1vRmu0GcwNQm', 'Timothy', 'Wever', '2022-03-26 01:25:10', '2022-03-26 01:25:10', 'Developer')[0m
  ↳ db/seeds.rb:8
  [1m[35m (31.9ms)[0m  [1m[35mCOMMIT[0m
  ↳ db/seeds.rb:8
  [1m[35m (0.2ms)[0m  [1m[35mBEGIN[0m
  ↳ db/seeds.rb:15
  [1m[36mEmployee Create (0.5ms)[0m  [1m[32mINSERT INTO `employees` (`user_id`, `created_at`, `updated_at`, `last_name`, `first_name`, `email`, `title`) VALUES (7, '2022-03-26 01:25:10', '2022-03-26 01:25:10', 'Wever', 'Timothy', 'timothy.wever@codeboxx.biz', 'Developer')[0m
  ↳ db/seeds.rb:15
  [1m[35m (20.7ms)[0m  [1m[35mCOMMIT[0m
  ↳ db/seeds.rb:15
  [1m[35m (0.4ms)[0m  [1m[35mBEGIN[0m
  ↳ db/seeds.rb:8
  [1m[36mUser Exists (0.4ms)[0m  [1m[34mSELECT  1 AS one FROM `users` WHERE `users`.`email` = BINARY 'kiril.kleinerman@codeboxx.biz' LIMIT 1[0m
  ↳ db/seeds.rb:8
  [1m[36mUser Create (0.6ms)[0m  [1m[32mINSERT INTO `users` (`email`, `encrypted_password`, `first_name`, `last_name`, `created_at`, `updated_at`, `title`) VALUES ('kiril.kleinerman@codeboxx.biz', '$2a$12$DIwNACk2fDRLMpYbPTcgkeNoYot4hQa.AluHPcVXhrvB37fJvJXoq', 'Kiril', 'Kleinerman', '2022-03-26 01:25:10', '2022-03-26 01:25:10', 'Developer')[0m
  ↳ db/seeds.rb:8
  [1m[35m (18.7ms)[0m  [1m[35mCOMMIT[0m
  ↳ db/seeds.rb:8
  [1m[35m (0.3ms)[0m  [1m[35mBEGIN[0m
  ↳ db/seeds.rb:15
  [1m[36mEmployee Create (0.7ms)[0m  [1m[32mINSERT INTO `employees` (`user_id`, `created_at`, `updated_at`, `last_name`, `first_name`, `email`, `title`) VALUES (8, '2022-03-26 01:25:10', '2022-03-26 01:25:10', 'Kleinerman', 'Kiril', 'kiril.kleinerman@codeboxx.biz', 'Developer')[0m
  ↳ db/seeds.rb:15
  [1m[35m (16.5ms)[0m  [1m[35mCOMMIT[0m
  ↳ db/seeds.rb:15
  [1m[35m (0.3ms)[0m  [1m[35mBEGIN[0m
  ↳ db/seeds.rb:8
  [1m[36mUser Exists (0.5ms)[0m  [1m[34mSELECT  1 AS one FROM `users` WHERE `users`.`email` = BINARY 'emmanuela.derilus@codeboxx.biz' LIMIT 1[0m
  ↳ db/seeds.rb:8
  [1m[36mUser Create (1.0ms)[0m  [1m[32mINSERT INTO `users` (`email`, `encrypted_password`, `first_name`, `last_name`, `created_at`, `updated_at`, `title`) VALUES ('emmanuela.derilus@codeboxx.biz', '$2a$12$Lo8YHRyiswZbF8WVlWRg/efbh67kpv8.gf1wYgTu1Ydmuh5wa1tjq', 'Emmanuela', 'Derilus', '2022-03-26 01:25:11', '2022-03-26 01:25:11', 'Developer')[0m
  ↳ db/seeds.rb:8
  [1m[35m (15.0ms)[0m  [1m[35mCOMMIT[0m
  ↳ db/seeds.rb:8
  [1m[35m (0.2ms)[0m  [1m[35mBEGIN[0m
  ↳ db/seeds.rb:15
  [1m[36mEmployee Create (0.4ms)[0m  [1m[32mINSERT INTO `employees` (`user_id`, `created_at`, `updated_at`, `last_name`, `first_name`, `email`, `title`) VALUES (9, '2022-03-26 01:25:11', '2022-03-26 01:25:11', 'Derilus', 'Emmanuela', 'emmanuela.derilus@codeboxx.biz', 'Developer')[0m
  ↳ db/seeds.rb:15
  [1m[35m (9.8ms)[0m  [1m[35mCOMMIT[0m
  ↳ db/seeds.rb:15
  [1m[35m (0.3ms)[0m  [1m[35mBEGIN[0m
  ↳ db/seeds.rb:8
  [1m[36mUser Exists (0.6ms)[0m  [1m[34mSELECT  1 AS one FROM `users` WHERE `users`.`email` = BINARY 'marie-eve.goupil@codeboxx.biz' LIMIT 1[0m
  ↳ db/seeds.rb:8
  [1m[36mUser Create (0.6ms)[0m  [1m[32mINSERT INTO `users` (`email`, `encrypted_password`, `first_name`, `last_name`, `created_at`, `updated_at`, `title`) VALUES ('marie-eve.goupil@codeboxx.biz', '$2a$12$12ixlUIOUbhtcHgKpyCBk.MaqWBBDqsyYmW5GRygJ05FXEYf5QiV6', 'Marie-Ève', 'Goupil', '2022-03-26 01:25:11', '2022-03-26 01:25:11', 'Developer')[0m
  ↳ db/seeds.rb:8
  [1m[35m (15.6ms)[0m  [1m[35mCOMMIT[0m
  ↳ db/seeds.rb:8
  [1m[35m (0.3ms)[0m  [1m[35mBEGIN[0m
  ↳ db/seeds.rb:15
  [1m[36mEmployee Create (0.5ms)[0m  [1m[32mINSERT INTO `employees` (`user_id`, `created_at`, `updated_at`, `last_name`, `first_name`, `email`, `title`) VALUES (10, '2022-03-26 01:25:11', '2022-03-26 01:25:11', 'Goupil', 'Marie-Ève', 'marie-eve.goupil@codeboxx.biz', 'Developer')[0m
  ↳ db/seeds.rb:15
  [1m[35m (11.8ms)[0m  [1m[35mCOMMIT[0m
  ↳ db/seeds.rb:15
  [1m[35m (0.5ms)[0m  [1m[35mBEGIN[0m
  ↳ db/seeds.rb:8
  [1m[36mUser Exists (3.0ms)[0m  [1m[34mSELECT  1 AS one FROM `users` WHERE `users`.`email` = BINARY 'perry.sawatsky@codeboxx.biz' LIMIT 1[0m
  ↳ db/seeds.rb:8
  [1m[36mUser Create (1.1ms)[0m  [1m[32mINSERT INTO `users` (`email`, `encrypted_password`, `first_name`, `last_name`, `created_at`, `updated_at`, `title`) VALUES ('perry.sawatsky@codeboxx.biz', '$2a$12$43r1Nj17sfig6kMffWq5nujm1TLb8E4wK/w2iObQdVv/URi0CqDM6', 'Perry', 'Sawatsky', '2022-03-26 01:25:11', '2022-03-26 01:25:11', 'Developer')[0m
  ↳ db/seeds.rb:8
  [1m[35m (33.6ms)[0m  [1m[35mCOMMIT[0m
  ↳ db/seeds.rb:8
  [1m[35m (0.2ms)[0m  [1m[35mBEGIN[0m
  ↳ db/seeds.rb:15
  [1m[36mEmployee Create (0.6ms)[0m  [1m[32mINSERT INTO `employees` (`user_id`, `created_at`, `updated_at`, `last_name`, `first_name`, `email`, `title`) VALUES (11, '2022-03-26 01:25:11', '2022-03-26 01:25:11', 'Sawatsky', 'Perry', 'perry.sawatsky@codeboxx.biz', 'Developer')[0m
  ↳ db/seeds.rb:15
  [1m[35m (14.1ms)[0m  [1m[35mCOMMIT[0m
  ↳ db/seeds.rb:15
  [1m[35m (0.3ms)[0m  [1m[35mBEGIN[0m
  ↳ db/seeds.rb:42
  [1m[36mUser Exists (0.4ms)[0m  [1m[34mSELECT  1 AS one FROM `users` WHERE `users`.`email` = BINARY 'hilton.dare@schulist-heller.name' LIMIT 1[0m
  ↳ db/seeds.rb:42
  [1m[36mUser Create (0.4ms)[0m  [1m[32mINSERT INTO `users` (`email`, `encrypted_password`, `first_name`, `last_name`, `created_at`, `updated_at`) VALUES ('hilton.dare@schulist-heller.name', '$2a$12$2fpSYMh0zKwWUkM3QgKIxu3/9UCWO0SeIEvpFhvwXSdMbedlAPgCy', 'Lamar', 'Torp', '2020-09-30 00:00:00', '2022-03-26 01:25:15')[0m
  ↳ db/seeds.rb:42
  [1m[35m (23.2ms)[0m  [1m[35mCOMMIT[0m
  ↳ db/seeds.rb:42
  [1m[35m (0.3ms)[0m  [1m[35mBEGIN[0m
  ↳ db/seeds.rb:49
  [1m[36mAddress Create (1.1ms)[0m  [1m[32mINSERT INTO `addresses` (`type_of_address`, `entity`, `number_and_street`, `city`, `postal_code`, `country`, `latitude`, `longitude`, `created_at`, `updated_at`) VALUES ('residential', 'N/A', '24020 Reese Road', 'Anchorage', '99567', 'AK', 61, -149, '2022-03-26 01:25:15', '2022-03-26 01:25:15')[0m
  ↳ db/seeds.rb:49
  [1m[35m (15.6ms)[0m  [1m[35mCOMMIT[0m
  ↳ db/seeds.rb:49
  [1m[35m (0.3ms)[0m  [1m[35mBEGIN[0m
  ↳ db/seeds.rb:59
  [1m[36mCustomer Create (1.8ms)[0m  [1m[32mINSERT INTO `customers` (`customer_creation_date`, `company_name`, `full_name_company_contact`, `company_contact_phone`, `email_company`, `company_description`, `full_name_service_technical_authority`, `technical_authority_phone`, `technical_authority_email`, `created_at`, `updated_at`, `user_id`, `address_id`) VALUES ('2020-09-30 00:00:00', 'EmardBoyerandNikolaus', 'TheHonMirianKeeling', '(751) 243-8723 x3416', 'paulinefeestlubowitzinfo', 'maximize strategic e-commerce', 'LamarTorp', '330.736.0379 x756', 'hilton.dare@schulist-heller.name', '2020-09-30 00:00:00', '2022-03-26 01:25:15', 12, 1)[0m
  ↳ db/seeds.rb:59
  [1m[36mLeads Load (3.4ms)[0m  [1m[34mSELECT `leads`.* FROM `leads`[0m
  ↳ app/models/customer.rb:22
  [1m[35m (9.1ms)[0m  [1m[35mCOMMIT[0m
  ↳ db/seeds.rb:59
  [1m[35m (0.3ms)[0m  [1m[35mBEGIN[0m
  ↳ db/seeds.rb:73
  [1m[36mQuote Create (1.4ms)[0m  [1m[32mINSERT INTO `quotes` (`buildingtype`, `numofapt`, `numoffloors`, `numofbase`, `numofpark`, `numofcomp`, `numofelev`, `maxocc`, `bushrs`, `corp`, `liftCage`, `elevatorNum`, `unitPrice`, `totalPriceElevators`, `installFees`, `totalPrice`, `created_at`, `updated_at`, `email`, `companyname`) VALUES ('residential', 5, 40, 9, 70, 29, 85, 496, 36, 16, '39', 46, '$12,345', '$13590', '$45632', '$159726', '2022-02-04 00:00:00', '2022-03-26 01:25:15', 'paulinefeestlubowitzinfo', 'EmardBoyerandNikolaus')[0m
  ↳ db/seeds.rb:73
  [1m[35m (6.9ms)[0m  [1m[31mROLLBACK[0m
  ↳ db/seeds.rb:73
